<?xml version="1.0" encoding="UTF-8"?>
<!-- Generated by org.testng.reporters.JUnitXMLReporter -->
<testsuite ignored="2" hostname="DESKTOP-GO5J5M6" failures="0" tests="1" name="BAA_01-0" time="128.74" errors="0" timestamp="2023-12-18T11:34:41 CST">
  <testcase classname="casesPack.MainRunClass" name="BAA_01" time="94.605"/>
  <testcase classname="casesPack.MainRunClass" name="BAA_03" time="0.0">
    <ignored/>
  </testcase> <!-- BAA_03 -->
  <testcase classname="casesPack.MainRunClass" name="BAA_02" time="0.0">
    <ignored/>
  </testcase> <!-- BAA_02 -->
</testsuite> <!-- BAA_01-0 -->
