<?xml version="1.0" encoding="UTF-8"?>
<!-- Generated by org.testng.reporters.JUnitXMLReporter -->
<testsuite ignored="0" hostname="DESKTOP-GO5J5M6" failures="0" tests="3" name="CapstoneTest-1" time="148.124" errors="0" timestamp="2023-11-22T12:10:17 CST">
  <testcase classname="casesPack.MainRunClass" name="BAA_01" time="33.113"/>
  <testcase classname="casesPack.MainRunClass" name="BAA_02" time="23.989"/>
  <testcase classname="casesPack.MainRunClass" name="BAA_03" time="58.181"/>
</testsuite> <!-- CapstoneTest-1 -->
