<?xml version="1.0" encoding="UTF-8"?>
<!-- Generated by org.testng.reporters.JUnitXMLReporter -->
<testsuite ignored="0" hostname="DESKTOP-GO5J5M6" failures="0" tests="3" name="Capstone_Test-0" time="317.954" errors="0" timestamp="2023-12-19T09:19:45 CST">
  <testcase classname="casesPack.MainRunClass" name="BAA_01" time="72.287"/>
  <testcase classname="casesPack.MainRunClass" name="BAA_02" time="43.983"/>
  <testcase classname="casesPack.MainRunClass" name="BAA_03" time="99.355"/>
</testsuite> <!-- Capstone_Test-0 -->
