<?xml version="1.0" encoding="UTF-8"?>
<!-- Generated by org.testng.reporters.JUnitXMLReporter -->
<testsuite ignored="0" hostname="DESKTOP-GO5J5M6" failures="0" tests="3" name="CapstoneTest-1" time="510.684" errors="0" timestamp="2023-12-15T10:51:02 CST">
  <testcase classname="casesPack.MainRunClass" name="BAA_01" time="195.056"/>
  <testcase classname="casesPack.MainRunClass" name="BAA_02" time="83.593"/>
  <testcase classname="casesPack.MainRunClass" name="BAA_03" time="191.993"/>
</testsuite> <!-- CapstoneTest-1 -->
