<?xml version="1.0" encoding="UTF-8"?>
<!-- Generated by org.testng.reporters.JUnitXMLReporter -->
<testsuite ignored="11" hostname="DESKTOP-GO5J5M6" failures="1" tests="2" name="Capstone Test-0" time="105.268" errors="0" timestamp="2023-12-27T19:02:41 CST">
  <testcase classname="casesPack.BAA_03" name="BAA03" time="0.461">
    <failure type="java.lang.NullPointerException" message="Cannot invoke &amp;quot;io.appium.java_client.android.AndroidDriver.getCapabilities()&amp;quot; because &amp;quot;this.driver&amp;quot; is null">
      <![CDATA[java.lang.NullPointerException: Cannot invoke "io.appium.java_client.android.AndroidDriver.getCapabilities()" because "this.driver" is null
at casesPack.BAA_03.BAA03(BAA_03.java:29)
at java.base/java.util.concurrent.ThreadPoolExecutor.runWorker(ThreadPoolExecutor.java:1136)
at java.base/java.util.concurrent.ThreadPoolExecutor$Worker.run(ThreadPoolExecutor.java:635)
at java.base/java.lang.Thread.run(Thread.java:842)
... Removed 12 stack frames]]>
    </failure>
  </testcase> <!-- BAA03 -->
  <testcase classname="casesPack.BAA_01" name="BAA01" time="72.977"/>
  <testcase classname="callPack.SetupEnv" name="@BeforeSuite setUpWorkfiles" time="0.0">
    <ignored/>
  </testcase> <!-- @BeforeSuite setUpWorkfiles -->
  <testcase classname="callPack.SetupEnv" name="@BeforeTest setUp" time="0.0">
    <ignored/>
  </testcase> <!-- @BeforeTest setUp -->
  <testcase classname="callPack.SetupEnv" name="@BeforeTest setUp" time="0.0">
    <ignored/>
  </testcase> <!-- @BeforeTest setUp -->
  <testcase classname="callPack.SetupEnv" name="@BeforeSuite setupReport" time="0.0">
    <ignored/>
  </testcase> <!-- @BeforeSuite setupReport -->
  <testcase classname="callPack.SetupEnv" name="@AfterSuite endTest" time="0.0">
    <ignored/>
  </testcase> <!-- @AfterSuite endTest -->
  <testcase classname="callPack.SetupEnv" name="@BeforeSuite setupReport" time="0.0">
    <ignored/>
  </testcase> <!-- @BeforeSuite setupReport -->
  <testcase classname="callPack.SetupEnv" name="@AfterSuite tearDown" time="0.0">
    <ignored/>
  </testcase> <!-- @AfterSuite tearDown -->
  <testcase classname="callPack.SetupEnv" name="@BeforeSuite setUpWorkfiles" time="0.0">
    <ignored/>
  </testcase> <!-- @BeforeSuite setUpWorkfiles -->
  <testcase classname="casesPack.BAA_02" name="main" time="0.0">
    <ignored/>
  </testcase> <!-- main -->
  <testcase classname="callPack.SetupEnv" name="@AfterSuite endTest" time="0.0">
    <ignored/>
  </testcase> <!-- @AfterSuite endTest -->
  <testcase classname="callPack.SetupEnv" name="@AfterSuite tearDown" time="0.0">
    <ignored/>
  </testcase> <!-- @AfterSuite tearDown -->
</testsuite> <!-- Capstone Test-0 -->
