<?xml version="1.0" encoding="UTF-8"?>
<!-- Generated by org.testng.reporters.JUnitXMLReporter -->
<testsuite ignored="0" hostname="DESKTOP-GO5J5M6" failures="0" tests="3" name="CapstoneTest-0" time="158.025" errors="0" timestamp="2023-11-21T09:32:32 CST">
  <testcase classname="casesPack.MainRunClass" name="BAA_01" time="21.431"/>
  <testcase classname="casesPack.MainRunClass" name="BAA_02" time="18.976"/>
  <testcase classname="casesPack.MainRunClass" name="BAA_03" time="91.359"/>
</testsuite> <!-- CapstoneTest-0 -->
