<?xml version="1.0" encoding="UTF-8"?>
<!-- Generated by org.testng.reporters.JUnitXMLReporter -->
<testsuite ignored="0" hostname="DESKTOP-GO5J5M6" failures="1" tests="3" name="CapstoneTest" time="126.608" errors="0" timestamp="2023-11-20T13:18:26 CST">
  <testcase classname="casesPack.MainRunClass" name="BAA_01" time="63.953">
    <failure type="org.openqa.selenium.TimeoutException" message="Expected condition failed: waiting for element to be clickable: AppiumBy.id: alertTitle (tried for 30 second(s) with 500 milliseconds interval)
Build info: version: &amp;apos;4.13.0&amp;apos;, revision: &amp;apos;ba948ece5b*&amp;apos;
System info: os.name: &amp;apos;Windows 11&amp;apos;, os.arch: &amp;apos;amd64&amp;apos;, os.version: &amp;apos;10.0&amp;apos;, java.version: &amp;apos;17.0.9&amp;apos;
Driver info: io.appium.java_client.android.AndroidDriver
Capabilities {appium:Project: api demo app automation, appium:appActivity: marcusobyrne.bankingapp.Mai..., appium:appPackage: marcusobyrne.bankingapp, appium:automationName: uiautomator2, appium:build: capstone build kae, appium:chromedriverPort: 18082, appium:chromedriverPorts: [[18122, 18132]], appium:databaseEnabled: false, appium:desired: {Project: api demo app automation, appActivity: marcusobyrne.bankingapp.Mai..., appPackage: marcusobyrne.bankingapp, automationName: uiautomator2, bstack:options: {appiumVersion: 1.17.0}, build: capstone build kae, chromedriverPort: 18082, chromedriverPorts: [[18122, 18132]], deviceName: samsung galaxy s21, disableSuppressAccessibilityService: true, goog:chromeOptions: {}, name: capstone test, nativeWebScreenshot: true, newCommandTimeout: 0, os_version: 12.0, platformName: Android, skipServerInstallation: true, systemPort: 8202, udid: R3CRB0S071L}, appium:deviceApiLevel: 31, appium:deviceManufacturer: samsung, appium:deviceModel: SM-G991B, appium:deviceName: R3CRB0S071L, appium:deviceScreenDensity: 480, appium:deviceScreenSize: 1080x2400, appium:deviceUDID: R3CRB0S071L, appium:disableSuppressAccessibilityService: true, appium:javascriptEnabled: true, appium:locationContextEnabled: false, appium:name: capstone test, appium:nativeWebScreenshot: true, appium:networkConnectionEnabled: true, appium:newCommandTimeout: 0, appium:os_version: 12.0, appium:pixelRatio: 3, appium:platformVersion: 12, appium:skipServerInstallation: true, appium:statBarHeight: 79, appium:systemPort: 8202, appium:takesScreenshot: true, appium:udid: R3CRB0S071L, appium:viewportRect: {height: 2097, left: 0, top: 79, width: 1080}, appium:warnings: {}, appium:webStorageEnabled: false, bstack:options: {appiumVersion: 1.17.0}, goog:chromeOptions: {}, platformName: ANDROID}
Session ID: 5cadc409f8a983f01209d66f72ef60fa82a64aa1">
      <![CDATA[org.openqa.selenium.TimeoutException: Expected condition failed: waiting for element to be clickable: AppiumBy.id: alertTitle (tried for 30 second(s) with 500 milliseconds interval)
Build info: version: '4.13.0', revision: 'ba948ece5b*'
System info: os.name: 'Windows 11', os.arch: 'amd64', os.version: '10.0', java.version: '17.0.9'
Driver info: io.appium.java_client.android.AndroidDriver
Capabilities {appium:Project: api demo app automation, appium:appActivity: marcusobyrne.bankingapp.Mai..., appium:appPackage: marcusobyrne.bankingapp, appium:automationName: uiautomator2, appium:build: capstone build kae, appium:chromedriverPort: 18082, appium:chromedriverPorts: [[18122, 18132]], appium:databaseEnabled: false, appium:desired: {Project: api demo app automation, appActivity: marcusobyrne.bankingapp.Mai..., appPackage: marcusobyrne.bankingapp, automationName: uiautomator2, bstack:options: {appiumVersion: 1.17.0}, build: capstone build kae, chromedriverPort: 18082, chromedriverPorts: [[18122, 18132]], deviceName: samsung galaxy s21, disableSuppressAccessibilityService: true, goog:chromeOptions: {}, name: capstone test, nativeWebScreenshot: true, newCommandTimeout: 0, os_version: 12.0, platformName: Android, skipServerInstallation: true, systemPort: 8202, udid: R3CRB0S071L}, appium:deviceApiLevel: 31, appium:deviceManufacturer: samsung, appium:deviceModel: SM-G991B, appium:deviceName: R3CRB0S071L, appium:deviceScreenDensity: 480, appium:deviceScreenSize: 1080x2400, appium:deviceUDID: R3CRB0S071L, appium:disableSuppressAccessibilityService: true, appium:javascriptEnabled: true, appium:locationContextEnabled: false, appium:name: capstone test, appium:nativeWebScreenshot: true, appium:networkConnectionEnabled: true, appium:newCommandTimeout: 0, appium:os_version: 12.0, appium:pixelRatio: 3, appium:platformVersion: 12, appium:skipServerInstallation: true, appium:statBarHeight: 79, appium:systemPort: 8202, appium:takesScreenshot: true, appium:udid: R3CRB0S071L, appium:viewportRect: {height: 2097, left: 0, top: 79, width: 1080}, appium:warnings: {}, appium:webStorageEnabled: false, bstack:options: {appiumVersion: 1.17.0}, goog:chromeOptions: {}, platformName: ANDROID}
Session ID: 5cadc409f8a983f01209d66f72ef60fa82a64aa1
at org.openqa.selenium.support.ui.WebDriverWait.timeoutException(WebDriverWait.java:84)
at org.openqa.selenium.support.ui.FluentWait.until(FluentWait.java:230)
at callPack.SetupEnv.alertTitle(SetupEnv.java:143)
at casesPack.MainRunClass.BAA_01(MainRunClass.java:21)
at java.base/java.util.ArrayList.forEach(ArrayList.java:1511)
... Removed 31 stack frames]]>
    </failure>
  </testcase> <!-- BAA_01 -->
  <testcase classname="casesPack.MainRunClass" name="BAA_02" time="0.0"/>
  <testcase classname="casesPack.MainRunClass" name="BAA_03" time="0.0"/>
</testsuite> <!-- CapstoneTest -->
