<?xml version="1.0" encoding="UTF-8"?>
<testsuite xmlns:xsi="http://www.w3.org/2001/XMLSchema-instance" xsi:noNamespaceSchemaLocation="https://maven.apache.org/surefire/maven-surefire-plugin/xsd/surefire-test-report.xsd" name="TestSuite" time="155.47" tests="9" errors="0" skipped="0" failures="0">
  <properties>
[...]
</properties>
  <testcase name="BAA_01" classname="casesPack.MainRunClass" time="24.934"/>
  <testcase name="BAA_01" classname="casesPack.MainRunClass" time="0.144"/>
  <testcase name="BAA_01" classname="casesPack.MainRunClass" time="8.791"/>
  <testcase name="BAA_02" classname="casesPack.MainRunClass" time="18.746"/>
  <testcase name="BAA_02" classname="casesPack.MainRunClass" time="4.751"/>
  <testcase name="BAA_02" classname="casesPack.MainRunClass" time="2.803"/>
  <testcase name="BAA_03" classname="casesPack.MainRunClass" time="51.231"/>
  <testcase name="BAA_03" classname="casesPack.MainRunClass" time="57.699"/>
  <testcase name="BAA_03" classname="casesPack.MainRunClass" time="57.706"/>
</testsuite>